0 info it worked if it ends with ok
1 verbose cli [ '/home/ec2-user/node/node/bin/node',
1 verbose cli   '/home/ec2-user/node/node/bin/npm',
1 verbose cli   'install',
1 verbose cli   '-g',
1 verbose cli   'SimpleHttpServer' ]
2 info using npm@2.15.8
3 info using node@v4.4.7
4 verbose install initial load of /home/ec2-user/node/node/lib/package.json
5 verbose readDependencies loading dependencies from /home/ec2-user/node/node/lib/package.json
6 silly cache add args [ 'SimpleHttpServer', null ]
7 verbose cache add spec SimpleHttpServer
8 silly cache add parsed spec Result {
8 silly cache add   raw: 'SimpleHttpServer',
8 silly cache add   scope: null,
8 silly cache add   name: 'SimpleHttpServer',
8 silly cache add   rawSpec: '',
8 silly cache add   spec: 'latest',
8 silly cache add   type: 'tag' }
9 silly addNamed SimpleHttpServer@latest
10 verbose addNamed "latest" is being treated as a dist-tag for SimpleHttpServer
11 info addNameTag [ 'SimpleHttpServer', 'latest' ]
12 silly mapToRegistry name SimpleHttpServer
13 silly mapToRegistry using default registry
14 silly mapToRegistry registry https://registry.npmjs.org/
15 silly mapToRegistry data Result {
15 silly mapToRegistry   raw: 'SimpleHttpServer',
15 silly mapToRegistry   scope: null,
15 silly mapToRegistry   name: 'SimpleHttpServer',
15 silly mapToRegistry   rawSpec: '',
15 silly mapToRegistry   spec: 'latest',
15 silly mapToRegistry   type: 'tag' }
16 silly mapToRegistry uri https://registry.npmjs.org/SimpleHttpServer
17 verbose addNameTag registry:https://registry.npmjs.org/SimpleHttpServer not in flight; fetching
18 verbose request uri https://registry.npmjs.org/SimpleHttpServer
19 verbose request no auth needed
20 info attempt registry request try #1 at 2:37:55 PM
21 verbose request id 9d44cb3dbe30ad85
22 http request GET https://registry.npmjs.org/SimpleHttpServer
23 http 404 https://registry.npmjs.org/SimpleHttpServer
24 verbose headers { 'content-type': 'application/json',
24 verbose headers   'cache-control': 'max-age=0',
24 verbose headers   'content-length': '2',
24 verbose headers   'accept-ranges': 'bytes',
24 verbose headers   date: 'Thu, 08 Sep 2016 14:37:55 GMT',
24 verbose headers   via: '1.1 varnish',
24 verbose headers   age: '0',
24 verbose headers   connection: 'keep-alive',
24 verbose headers   'x-served-by': 'cache-jfk8120-JFK',
24 verbose headers   'x-cache': 'MISS',
24 verbose headers   'x-cache-hits': '0',
24 verbose headers   'x-timer': 'S1473345475.225123,VS0,VE94',
24 verbose headers   vary: 'Accept-Encoding' }
25 silly get cb [ 404,
25 silly get   { 'content-type': 'application/json',
25 silly get     'cache-control': 'max-age=0',
25 silly get     'content-length': '2',
25 silly get     'accept-ranges': 'bytes',
25 silly get     date: 'Thu, 08 Sep 2016 14:37:55 GMT',
25 silly get     via: '1.1 varnish',
25 silly get     age: '0',
25 silly get     connection: 'keep-alive',
25 silly get     'x-served-by': 'cache-jfk8120-JFK',
25 silly get     'x-cache': 'MISS',
25 silly get     'x-cache-hits': '0',
25 silly get     'x-timer': 'S1473345475.225123,VS0,VE94',
25 silly get     vary: 'Accept-Encoding' } ]
26 verbose stack Error: Registry returned 404 for GET on https://registry.npmjs.org/SimpleHttpServer
26 verbose stack     at makeError (/home/ec2-user/node/node/lib/node_modules/npm/node_modules/npm-registry-client/lib/request.js:264:12)
26 verbose stack     at CachingRegistryClient.<anonymous> (/home/ec2-user/node/node/lib/node_modules/npm/node_modules/npm-registry-client/lib/request.js:242:14)
26 verbose stack     at Request._callback (/home/ec2-user/node/node/lib/node_modules/npm/node_modules/npm-registry-client/lib/request.js:172:14)
26 verbose stack     at Request.self.callback (/home/ec2-user/node/node/lib/node_modules/npm/node_modules/request/request.js:200:22)
26 verbose stack     at emitTwo (events.js:87:13)
26 verbose stack     at Request.emit (events.js:172:7)
26 verbose stack     at Request.<anonymous> (/home/ec2-user/node/node/lib/node_modules/npm/node_modules/request/request.js:1067:10)
26 verbose stack     at emitOne (events.js:82:20)
26 verbose stack     at Request.emit (events.js:169:7)
26 verbose stack     at IncomingMessage.<anonymous> (/home/ec2-user/node/node/lib/node_modules/npm/node_modules/request/request.js:988:12)
27 verbose statusCode 404
28 verbose pkgid SimpleHttpServer
29 verbose cwd /home/ec2-user/neon/slsblog/native
30 error Linux 4.4.15-25.57.amzn1.x86_64
31 error argv "/home/ec2-user/node/node/bin/node" "/home/ec2-user/node/node/bin/npm" "install" "-g" "SimpleHttpServer"
32 error node v4.4.7
33 error npm  v2.15.8
34 error code E404
35 error 404 Registry returned 404 for GET on https://registry.npmjs.org/SimpleHttpServer
35 error 404
35 error 404 'SimpleHttpServer' is not in the npm registry.
35 error 404 Your package name is not valid, because
35 error 404
35 error 404  1. name can no longer contain capital letters
35 error 404
35 error 404 Note that you can also install from a
35 error 404 tarball, folder, http url, or git url.
36 verbose exit [ 1, true ]
